Build started 08/01/2017 17:37:48.
     1>Project "E:\Programs\juce-grapefruit-windows\JUCE\projects\SoundSeparation\Builds\VisualStudio2010\SoundSeparation.vcxproj" on node 2 (build target(s)).
     1>InitializeBuildStatus:
         Creating "Debug\SoundSeparation.unsuccessfulbuild" because "AlwaysCreate" was specified.
       ClCompile:
         c:\Program Files (x86)\Microsoft Visual Studio 10.0\VC\bin\CL.exe /c /I..\..\JuceLibraryCode /I..\..\..\..\modules /ZI /nologo /W4 /WX- /MP /Od /Oy- /D _CRT_SECURE_NO_WARNINGS /D _CONSOLE /D WIN32 /D _WINDOWS /D DEBUG /D _DEBUG /D JUCER_VS2010_78A501D=1 /D JUCE_APP_VERSION=1.0.0 /D JUCE_APP_VERSION_HEX=0x10000 /Gm- /EHsc /MTd /GS /fp:precise /Zc:wchar_t /Zc:forScope /GR /Fo"Debug\\" /Fd"Debug\\vc100.pdb" /Gd /TP /analyze- /errorReport:prompt ..\..\Source\Main.cpp
         Main.cpp
     1>e:\programs\juce-grapefruit-windows\juce\projects\soundseparation\source\main.cpp(19): warning C4244: 'initializing' : conversion from 'juce::int64' to 'const int', possible loss of data
     1>e:\programs\juce-grapefruit-windows\juce\projects\soundseparation\source\main.cpp(96): warning C4244: 'initializing' : conversion from 'juce::int64' to 'const int', possible loss of data
     1>e:\programs\juce-grapefruit-windows\juce\projects\soundseparation\source\main.cpp(108): warning C4244: 'initializing' : conversion from 'double' to 'const int', possible loss of data
     1>e:\programs\juce-grapefruit-windows\juce\projects\soundseparation\source\main.cpp(78): warning C4100: 'argv' : unreferenced formal parameter
     1>e:\programs\juce-grapefruit-windows\juce\projects\soundseparation\source\main.cpp(78): warning C4100: 'argc' : unreferenced formal parameter
     1>e:\programs\juce-grapefruit-windows\juce\projects\soundseparation\source\main.cpp(96): warning C4189: 'sampleCount' : local variable is initialized but not referenced
       ResourceCompile:
         All outputs are up-to-date.
       Link:
         c:\Program Files (x86)\Microsoft Visual Studio 10.0\VC\bin\link.exe /ERRORREPORT:PROMPT /OUT:"E:\Programs\juce-grapefruit-windows\JUCE\projects\SoundSeparation\Builds\VisualStudio2010\Debug\\SoundSeparation.exe" /NOLOGO kernel32.lib user32.lib gdi32.lib winspool.lib comdlg32.lib advapi32.lib shell32.lib ole32.lib oleaut32.lib uuid.lib odbc32.lib odbccp32.lib /NODEFAULTLIB:libcmt.lib /NODEFAULTLIB:msvcrt.lib /MANIFEST /ManifestFile:"Debug\SoundSeparation.exe.intermediate.manifest" /MANIFESTUAC:"level='asInvoker' uiAccess='false'" /DEBUG /PDB:"Debug\\SoundSeparation.pdb" /SUBSYSTEM:CONSOLE /LARGEADDRESSAWARE /TLBID:1 /DYNAMICBASE /NXCOMPAT /IMPLIB:"E:\Programs\juce-grapefruit-windows\JUCE\projects\SoundSeparation\Builds\VisualStudio2010\Debug\SoundSeparation.lib" /MACHINE:X86 /SAFESEH:NO Debug\resources.res
         Debug\\Main.obj
         Debug\\juce_audio_basics.obj
         Debug\\juce_audio_devices.obj
         Debug\\juce_audio_formats.obj
         Debug\\juce_audio_processors.obj
         Debug\\juce_core.obj
         Debug\\juce_cryptography.obj
         Debug\\juce_data_structures.obj
         Debug\\juce_events.obj
         Debug\\juce_graphics.obj
         Debug\\juce_gui_basics.obj
         Debug\\juce_gui_extra.obj
         Debug\\juce_opengl.obj
         Debug\\juce_video.obj
         LINK : E:\Programs\juce-grapefruit-windows\JUCE\projects\SoundSeparation\Builds\VisualStudio2010\Debug\\SoundSeparation.exe not found or not built by the last incremental link; performing full link
         SoundSeparation.vcxproj -> E:\Programs\juce-grapefruit-windows\JUCE\projects\SoundSeparation\Builds\VisualStudio2010\Debug\SoundSeparation.exe
       Manifest:
         C:\Program Files (x86)\Microsoft SDKs\Windows\v7.0A\bin\mt.exe /nologo /verbose /outputresource:"E:\Programs\juce-grapefruit-windows\JUCE\projects\SoundSeparation\Builds\VisualStudio2010\Debug\\SoundSeparation.exe;#1" /manifest Debug\SoundSeparation.exe.intermediate.manifest
       FinalizeBuildStatus:
         Deleting file "Debug\SoundSeparation.unsuccessfulbuild".
         Touching "Debug\SoundSeparation.lastbuildstate".
     1>Done Building Project "E:\Programs\juce-grapefruit-windows\JUCE\projects\SoundSeparation\Builds\VisualStudio2010\SoundSeparation.vcxproj" (build target(s)).

Build succeeded.

Time Elapsed 00:00:07.69
